<?xml version="1.0" encoding="UTF-8"?>
<!-- Generated by org.testng.reporters.JUnitReportReporter -->
<testsuite hostname="Testing-Info" failures="0" tests="3" name="test.PutPatchDelete" time="5.626" errors="0" timestamp="2022-06-01T12:57:59 IST" skipped="0">
  <testcase classname="test.PutPatchDelete" name="testDelete" time="4.373"/>
  <system-out/>
  <testcase classname="test.PutPatchDelete" name="testPut" time="0.588"/>
  <system-out/>
  <testcase classname="test.PutPatchDelete" name="testPatch" time="0.665"/>
  <system-out/>
</testsuite> <!-- test.PutPatchDelete -->
