<?xml version="1.0" encoding="UTF-8"?>
<!-- Generated by org.testng.reporters.JUnitReportReporter -->
<testsuite hostname="Testing-Info" failures="0" tests="1" name="test.JSONSchemaValidator" time="2.187" errors="0" timestamp="2022-06-02T12:42:22 IST" skipped="0">
  <testcase classname="test.JSONSchemaValidator" name="testGet" time="2.187"/>
  <system-out/>
</testsuite> <!-- test.JSONSchemaValidator -->
