<?xml version="1.0" encoding="UTF-8"?>
<!-- Generated by org.testng.reporters.JUnitReportReporter -->
<testsuite hostname="Testing-Info" failures="0" tests="2" name="test.TestExamples" time="4.361" errors="0" timestamp="2022-05-31T15:05:38 IST" skipped="0">
  <testcase classname="test.TestExamples" name="test_1" time="2.855"/>
  <system-out/>
  <testcase classname="test.TestExamples" name="test_2" time="1.506"/>
  <system-out/>
</testsuite> <!-- test.TestExamples -->
