<?xml version="1.0" encoding="UTF-8"?>
<!-- Generated by org.testng.reporters.JUnitReportReporter -->
<testsuite hostname="Testing-Info" failures="0" tests="1" name="test.GetAndPost" time="3.090" errors="0" timestamp="2022-06-01T12:08:28 IST" skipped="0">
  <testcase classname="test.GetAndPost" name="testPost" time="3.090"/>
  <system-out/>
</testsuite> <!-- test.GetAndPost -->
