<?xml version="1.0" encoding="UTF-8"?>
<!-- Generated by org.testng.reporters.JUnitReportReporter -->
<testsuite hostname="Testing-Info" failures="0" tests="1" name="test.TestsOnLocalAPI" time="4.708" errors="0" timestamp="2022-06-01T17:56:07 IST" skipped="0">
  <testcase classname="test.TestsOnLocalAPI" name="Delete" time="4.708"/>
  <system-out/>
</testsuite> <!-- test.TestsOnLocalAPI -->
