<?xml version="1.0" encoding="UTF-8"?>
<!-- Generated by org.testng.reporters.JUnitReportReporter -->
<testsuite hostname="Testing-Info" failures="0" tests="1" name="test.JSONSchemaValidator2copy" time="4.694" errors="0" timestamp="2022-06-02T14:15:23 IST" skipped="0">
  <testcase classname="test.JSONSchemaValidator2copy" name="testGet" time="4.694"/>
  <system-out/>
</testsuite> <!-- test.JSONSchemaValidator2copy -->
